000.000 =============================================================
000.000                     Station A                               
000.000 -------------------------------------------------------------
000.000 Protocol.lib, version 4.0, jiangyanjun0718@bupt.edu.cn
000.000 Channel: 8000 bps, 270 ms propagation delay, bit error rate 1.0E-05
000.000 Log file "gobackn-A.log", TCP port 59144, debug mask 0x00
000.000 Station A is waiting for station B on TCP port 59144 ... Done.
000.863 New epoch: Sat May 10 21:23:49 2025
000.863 =================================================================
000.863 
003.454 .... 8 packets received, 7660 bps, 95.75%, Err 0 (0.0e+00)
005.548 .... 16 packets received, 7741 bps, 96.76%, Err 0 (0.0e+00)
007.672 .... 24 packets received, 7732 bps, 96.65%, Err 0 (0.0e+00)
009.794 .... 32 packets received, 7729 bps, 96.62%, Err 0 (0.0e+00)
011.916 .... 40 packets received, 7728 bps, 96.59%, Err 0 (0.0e+00)
013.989 .... 48 packets received, 7756 bps, 96.95%, Err 0 (0.0e+00)
016.112 .... 56 packets received, 7751 bps, 96.88%, Err 0 (0.0e+00)
018.231 .... 64 packets received, 7748 bps, 96.86%, Err 0 (0.0e+00)
020.326 .... 72 packets received, 7756 bps, 96.95%, Err 0 (0.0e+00)
022.472 .... 80 packets received, 7744 bps, 96.80%, Err 0 (0.0e+00)
024.573 .... 88 packets received, 7749 bps, 96.86%, Err 0 (0.0e+00)
026.694 .... 96 packets received, 7747 bps, 96.84%, Err 0 (0.0e+00)
028.792 .... 104 packets received, 7752 bps, 96.90%, Err 0 (0.0e+00)
030.915 .... 112 packets received, 7749 bps, 96.86%, Err 0 (0.0e+00)
033.030 .... 116 packets received, 7491 bps, 93.63%, Err 2 (7.8e-06)
035.172 .... 124 packets received, 7501 bps, 93.76%, Err 2 (7.3e-06)
037.282 .... 132 packets received, 7516 bps, 93.95%, Err 2 (6.9e-06)
039.908 .... 138 packets received, 7323 bps, 91.54%, Err 3 (9.7e-06)
042.011 .... 146 packets received, 7347 bps, 91.84%, Err 3 (9.2e-06)
044.125 .... 154 packets received, 7367 bps, 92.09%, Err 3 (8.7e-06)
046.268 .... 162 packets received, 7381 bps, 92.26%, Err 3 (8.3e-06)
048.375 .... 170 packets received, 7398 bps, 92.48%, Err 3 (7.9e-06)
050.486 .... 178 packets received, 7414 bps, 92.67%, Err 3 (7.6e-06)
053.402 .... 185 packets received, 7274 bps, 90.92%, Err 4 (9.6e-06)
055.525 .... 193 packets received, 7291 bps, 91.14%, Err 4 (9.2e-06)
057.637 .... 201 packets received, 7309 bps, 91.36%, Err 4 (8.8e-06)
059.733 .... 209 packets received, 7327 bps, 91.59%, Err 4 (8.5e-06)
061.847 .... 217 packets received, 7342 bps, 91.77%, Err 5 (1.0e-05)
063.970 .... 225 packets received, 7355 bps, 91.93%, Err 5 (9.9e-06)
066.083 .... 233 packets received, 7368 bps, 92.09%, Err 5 (9.6e-06)
068.210 .... 241 packets received, 7378 bps, 92.23%, Err 5 (9.3e-06)
070.320 .... 249 packets received, 7390 bps, 92.38%, Err 5 (9.0e-06)
072.426 .... 257 packets received, 7402 bps, 92.52%, Err 6 (1.1e-05)
074.535 .... 261 packets received, 7300 bps, 91.25%, Err 6 (1.0e-05)
076.701 .... 265 packets received, 7199 bps, 89.99%, Err 7 (1.2e-05)
078.796 .... 273 packets received, 7216 bps, 90.20%, Err 7 (1.1e-05)
079.707 TCP Disconnected.
